<?xml version="1.0" encoding="UTF-8"?>
<Site BuildName="(empty)"
	BuildStamp="20250904-1455-Experimental"
	Name="hars22"
	Generator="ctest-3.22.1"
	CompilerName="/usr/bin/c++"
	CompilerVersion="11.4.0"
	OSName="Linux"
	Hostname="hars22"
	OSRelease="5.15.0-151-generic"
	OSVersion="#161-Ubuntu SMP Tue Jul 22 14:29:26 UTC 2025"
	OSPlatform="aarch64"
	Is64Bits="1"
	VendorString=""
	VendorID="Unknown Manufacturer"
	FamilyID="8"
	ModelID="0"
	ProcessorCacheSize="0"
	NumberOfLogicalCPU="4"
	NumberOfPhysicalCPU="1"
	TotalVirtualMemory="3910"
	TotalPhysicalMemory="3911"
	LogicalProcessorsPerPhysical="4"
	ProcessorClockFrequency="0"
	>
	<Testing>
		<StartDateTime>Sep 04 22:13 IST</StartDateTime>
		<StartTestTime>1757004184</StartTestTime>
		<TestList/>
		<EndDateTime>Sep 04 22:13 IST</EndDateTime>
		<EndTestTime>1757004184</EndTestTime>
		<ElapsedMinutes>0</ElapsedMinutes>
	</Testing>
</Site>
